<?xml version="1.0" encoding="UTF-8"?>
<testsuite xmlns:xsi="http://www.w3.org/2001/XMLSchema-instance" xsi:noNamespaceSchemaLocation="https://maven.apache.org/surefire/maven-surefire-plugin/xsd/surefire-test-report.xsd" name="model.ModelTest" time="0.219" tests="57" errors="0" skipped="0" failures="0">
  <properties>
[...]
</properties>
  <testcase name="isArabicNumberFailTest{String}[1]" classname="model.ModelTest" time="0.074"/>
  <testcase name="isArabicNumberFailTest{String}[2]" classname="model.ModelTest" time="0.001"/>
  <testcase name="isArabicNumberFailTest{String}[3]" classname="model.ModelTest" time="0"/>
  <testcase name="isArabicNumberFailTest{String}[4]" classname="model.ModelTest" time="0"/>
  <testcase name="isArabicNumberFailTest{String}[5]" classname="model.ModelTest" time="0"/>
  <testcase name="isArabicNumberFailTest{String}[6]" classname="model.ModelTest" time="0.001"/>
  <testcase name="isArabicNumberFailTest{String}[7]" classname="model.ModelTest" time="0.001"/>
  <testcase name="isArabicNumberFailTest{String}[8]" classname="model.ModelTest" time="0.001"/>
  <testcase name="isArabicNumberFailTest{String}[9]" classname="model.ModelTest" time="0"/>
  <testcase name="changeToRomanFailTest{String, String}[1]" classname="model.ModelTest" time="0.009"/>
  <testcase name="changeToRomanFailTest{String, String}[2]" classname="model.ModelTest" time="0"/>
  <testcase name="changeToRomanFailTest{String, String}[3]" classname="model.ModelTest" time="0"/>
  <testcase name="changeToRomanFailTest{String, String}[4]" classname="model.ModelTest" time="0.001"/>
  <testcase name="changeToRomanFailTest{String, String}[5]" classname="model.ModelTest" time="0.001"/>
  <testcase name="isRomanNumberTest{String}[1]" classname="model.ModelTest" time="0.001"/>
  <testcase name="isRomanNumberTest{String}[2]" classname="model.ModelTest" time="0"/>
  <testcase name="isRomanNumberTest{String}[3]" classname="model.ModelTest" time="0"/>
  <testcase name="isRomanNumberTest{String}[4]" classname="model.ModelTest" time="0"/>
  <testcase name="isRomanNumberTest{String}[5]" classname="model.ModelTest" time="0"/>
  <testcase name="isRomanNumberTest{String}[6]" classname="model.ModelTest" time="0"/>
  <testcase name="isRomanNumberTest{String}[7]" classname="model.ModelTest" time="0.001"/>
  <testcase name="isRomanNumberTest{String}[8]" classname="model.ModelTest" time="0"/>
  <testcase name="isRomanNumberTest{String}[9]" classname="model.ModelTest" time="0.001"/>
  <testcase name="isRomanNumberTest{String}[10]" classname="model.ModelTest" time="0.001"/>
  <testcase name="isRomanNumberTest{String}[11]" classname="model.ModelTest" time="0"/>
  <testcase name="isArabicNumberTest{String}[1]" classname="model.ModelTest" time="0.001"/>
  <testcase name="isArabicNumberTest{String}[2]" classname="model.ModelTest" time="0"/>
  <testcase name="isArabicNumberTest{String}[3]" classname="model.ModelTest" time="0.001"/>
  <testcase name="isArabicNumberTest{String}[4]" classname="model.ModelTest" time="0.001"/>
  <testcase name="isArabicNumberTest{String}[5]" classname="model.ModelTest" time="0.001"/>
  <testcase name="isArabicNumberTest{String}[6]" classname="model.ModelTest" time="0.001"/>
  <testcase name="isArabicNumberTest{String}[7]" classname="model.ModelTest" time="0.001"/>
  <testcase name="changeToArabicTest{String, String}[1]" classname="model.ModelTest" time="0.002"/>
  <testcase name="changeToArabicTest{String, String}[2]" classname="model.ModelTest" time="0"/>
  <testcase name="changeToArabicTest{String, String}[3]" classname="model.ModelTest" time="0"/>
  <testcase name="changeToArabicTest{String, String}[4]" classname="model.ModelTest" time="0.001"/>
  <testcase name="changeToArabicTest{String, String}[5]" classname="model.ModelTest" time="0"/>
  <testcase name="changeToArabicFailTest{String, String}[1]" classname="model.ModelTest" time="0.002"/>
  <testcase name="changeToArabicFailTest{String, String}[2]" classname="model.ModelTest" time="0.001"/>
  <testcase name="changeToArabicFailTest{String, String}[3]" classname="model.ModelTest" time="0"/>
  <testcase name="changeToArabicFailTest{String, String}[4]" classname="model.ModelTest" time="0"/>
  <testcase name="changeToArabicFailTest{String, String}[5]" classname="model.ModelTest" time="0"/>
  <testcase name="changeToRomanExceptionTest{String}[1]" classname="model.ModelTest" time="0"/>
  <testcase name="changeToRomanExceptionTest{String}[2]" classname="model.ModelTest" time="0"/>
  <testcase name="changeToRomanExceptionTest{String}[3]" classname="model.ModelTest" time="0"/>
  <testcase name="changeToRomanExceptionTest{String}[4]" classname="model.ModelTest" time="0.001"/>
  <testcase name="changeToRomanExceptionTest{String}[5]" classname="model.ModelTest" time="0.001"/>
  <testcase name="isRomanNumberFailTest{String}[1]" classname="model.ModelTest" time="0"/>
  <testcase name="isRomanNumberFailTest{String}[2]" classname="model.ModelTest" time="0.001"/>
  <testcase name="isRomanNumberFailTest{String}[3]" classname="model.ModelTest" time="0.001"/>
  <testcase name="isRomanNumberFailTest{String}[4]" classname="model.ModelTest" time="0.001"/>
  <testcase name="isRomanNumberFailTest{String}[5]" classname="model.ModelTest" time="0.001"/>
  <testcase name="changeToRomanTest{String, String}[1]" classname="model.ModelTest" time="0"/>
  <testcase name="changeToRomanTest{String, String}[2]" classname="model.ModelTest" time="0"/>
  <testcase name="changeToRomanTest{String, String}[3]" classname="model.ModelTest" time="0"/>
  <testcase name="changeToRomanTest{String, String}[4]" classname="model.ModelTest" time="0"/>
  <testcase name="changeToRomanTest{String, String}[5]" classname="model.ModelTest" time="0"/>
</testsuite>